#
# There is insufficient memory for the Java Runtime Environment to continue.
# Native memory allocation (malloc) failed to allocate 34496 bytes for Chunk::new
# Possible reasons:
#   The system is out of physical RAM or swap space
#   The process is running with CompressedOops enabled, and the Java Heap may be blocking the growth of the native heap
# Possible solutions:
#   Reduce memory load on the system
#   Increase physical memory or swap space
#   Check if swap backing store is full
#   Decrease Java heap size (-Xmx/-Xms)
#   Decrease number of Java threads
#   Decrease Java thread stack sizes (-Xss)
#   Set larger code cache with -XX:ReservedCodeCacheSize=
#   JVM is running with Unscaled Compressed Oops mode in which the Java heap is
#     placed in the first 4GB address space. The Java Heap base address is the
#     maximum limit for the native heap growth. Please use -XX:HeapBaseMinAddress
#     to set the Java Heap base and to place the Java Heap above 4GB virtual address.
# This output file may be truncated or incomplete.
#
#  Out of Memory Error (./src/hotspot/share/memory/arena.cpp:197), pid=8984, tid=8448
#
# JRE version: OpenJDK Runtime Environment AdoptOpenJDK (11.0.8+10) (build 11.0.8+10)
# Java VM: OpenJDK 64-Bit Server VM AdoptOpenJDK (11.0.8+10, mixed mode, tiered, compressed oops, g1 gc, windows-amd64)
# No core dump will be written. Minidumps are not enabled by default on client versions of Windows
#

---------------  S U M M A R Y ------------

Command Line: -Dmaven.multiModuleProjectDirectory=C:\Users\Liza\Desktop\Lisa_QA\Java\7_2 -Dmaven.home=C:\Users\Liza\AppData\Local\JetBrains\Toolbox\apps\IDEA-C\ch-0\202.7319.50\plugins\maven\lib\maven3 -Dclassworlds.conf=C:\Users\Liza\AppData\Local\JetBrains\Toolbox\apps\IDEA-C\ch-0\202.7319.50\plugins\maven\lib\maven3\bin\m2.conf -Dmaven.ext.class.path=C:\Users\Liza\AppData\Local\JetBrains\Toolbox\apps\IDEA-C\ch-0\203.7717.56\plugins\maven\lib\maven-event-listener.jar -javaagent:C:\Users\Liza\AppData\Local\JetBrains\Toolbox\apps\IDEA-C\ch-0\203.7717.56\lib\idea_rt.jar=61112:C:\Users\Liza\AppData\Local\JetBrains\Toolbox\apps\IDEA-C\ch-0\203.7717.56\bin -Dfile.encoding=UTF-8 org.codehaus.classworlds.Launcher -Didea.version=2020.3.3 clean test

Host: Intel(R) Celeron(R) CPU  N2830  @ 2.16GHz, 2 cores, 1G,  Windows 10 , 64 bit Build 19041 (10.0.19041.804)
Time: Sat Apr 10 01:00:54 2021 RTZ 2 (зима) elapsed time: 6 seconds (0d 0h 0m 6s)

---------------  T H R E A D  ---------------

Current thread (0x0000026fcc7b6800):  JavaThread "C2 CompilerThread0" daemon [_thread_in_native, id=8448, stack(0x0000009d8c300000,0x0000009d8c400000)]


Current CompileTask:
C2:   6217  459 %     4       java.lang.StringCoding::hasNegatives @ 2 (25 bytes)

Stack: [0x0000009d8c300000,0x0000009d8c400000]
Native frames: (J=compiled Java code, j=interpreted, Vv=VM code, C=native code)
V  [jvm.dll+0x5dfa5a]
V  [jvm.dll+0x7175ce]
V  [jvm.dll+0x718c9f]
V  [jvm.dll+0x719363]
V  [jvm.dll+0x240e48]
V  [jvm.dll+0xb96ac]
V  [jvm.dll+0xb9dac]
V  [jvm.dll+0x2b0804]
V  [jvm.dll+0x500086]
V  [jvm.dll+0x202a5d]
V  [jvm.dll+0x1fca3a]
V  [jvm.dll+0x1f99bf]
V  [jvm.dll+0x17e4ec]
V  [jvm.dll+0x208f27]
V  [jvm.dll+0x20710b]
V  [jvm.dll+0x6dc339]
V  [jvm.dll+0x6d53e4]
V  [jvm.dll+0x5de996]
C  [ucrtbase.dll+0x21bb2]
C  [KERNEL32.DLL+0x17034]
C  [ntdll.dll+0x52651]


---------------  P R O C E S S  ---------------

Threads class SMR info:
_java_thread_list=0x0000026fccb899e0, length=11, elements={
0x0000026fb166e000, 0x0000026fcc767800, 0x0000026fcc771800, 0x0000026fcc764000,
0x0000026fcc7b5800, 0x0000026fcc7b6800, 0x0000026fcc7bb800, 0x0000026fcc7ed800,
0x0000026fcca31800, 0x0000026fccb8d000, 0x0000026fccb8e000
}

Java Threads: ( => current thread )
  0x0000026fb166e000 JavaThread "main" [_thread_blocked, id=6444, stack(0x0000009d8b800000,0x0000009d8b900000)]
  0x0000026fcc767800 JavaThread "Reference Handler" daemon [_thread_blocked, id=3604, stack(0x0000009d8bf00000,0x0000009d8c000000)]
  0x0000026fcc771800 JavaThread "Finalizer" daemon [_thread_blocked, id=3532, stack(0x0000009d8c000000,0x0000009d8c100000)]
  0x0000026fcc764000 JavaThread "Signal Dispatcher" daemon [_thread_blocked, id=1508, stack(0x0000009d8c100000,0x0000009d8c200000)]
  0x0000026fcc7b5800 JavaThread "Attach Listener" daemon [_thread_blocked, id=10972, stack(0x0000009d8c200000,0x0000009d8c300000)]
=>0x0000026fcc7b6800 JavaThread "C2 CompilerThread0" daemon [_thread_in_native, id=8448, stack(0x0000009d8c300000,0x0000009d8c400000)]
  0x0000026fcc7bb800 JavaThread "C1 CompilerThread0" daemon [_thread_blocked, id=10048, stack(0x0000009d8c400000,0x0000009d8c500000)]
  0x0000026fcc7ed800 JavaThread "Sweeper thread" daemon [_thread_blocked, id=7144, stack(0x0000009d8c500000,0x0000009d8c600000)]
  0x0000026fcca31800 JavaThread "Common-Cleaner" daemon [_thread_blocked, id=12776, stack(0x0000009d8c600000,0x0000009d8c700000)]
  0x0000026fccb8d000 JavaThread "Monitor Ctrl-Break" daemon [_thread_in_native, id=10140, stack(0x0000009d8c700000,0x0000009d8c800000)]
  0x0000026fccb8e000 JavaThread "Service Thread" daemon [_thread_blocked, id=3660, stack(0x0000009d8c800000,0x0000009d8c900000)]

Other Threads:
  0x0000026fcc751800 VMThread "VM Thread" [stack: 0x0000009d8be00000,0x0000009d8bf00000] [id=4324]
  0x0000026fccb8f800 WatcherThread [stack: 0x0000009d8c900000,0x0000009d8ca00000] [id=11632]
  0x0000026fb1684800 GCTaskThread "GC Thread#0" [stack: 0x0000009d8b900000,0x0000009d8ba00000] [id=12444]
  0x0000026fcceeb000 GCTaskThread "GC Thread#1" [stack: 0x0000009d8ca00000,0x0000009d8cb00000] [id=752]
  0x0000026fb1694800 ConcurrentGCThread "G1 Main Marker" [stack: 0x0000009d8ba00000,0x0000009d8bb00000] [id=3688]
  0x0000026fb1695800 ConcurrentGCThread "G1 Conc#0" [stack: 0x0000009d8bb00000,0x0000009d8bc00000] [id=8492]
  0x0000026fb16c9000 ConcurrentGCThread "G1 Refine#0" [stack: 0x0000009d8bc00000,0x0000009d8bd00000] [id=4580]
  0x0000026fb16cb000 ConcurrentGCThread "G1 Young RemSet Sampling" [stack: 0x0000009d8bd00000,0x0000009d8be00000] [id=8804]

Threads with active compile tasks:
C2 CompilerThread0   6423  459 %     4       java.lang.StringCoding::hasNegatives @ 2 (25 bytes)

VM state:at safepoint (normal execution)

VM Mutex/Monitor currently owned by a thread:  ([mutex/lock_event])
[0x0000026fb1660ef0] Threads_lock - owner thread: 0x0000026fcc751800
[0x0000026fb166a550] Heap_lock - owner thread: 0x0000026fb166e000

Heap address: 0x00000000e1c00000, size: 484 MB, Compressed Oops mode: 32-bit
Narrow klass base: 0x0000000000000000, Narrow klass shift: 3
Compressed class space size: 1073741824 Address: 0x0000000100000000

Heap:
 garbage-first heap   total 32768K, used 2558K [0x00000000e1c00000, 0x0000000100000000)
  region size 1024K, 1 young (1024K), 1 survivors (1024K)
 Metaspace       used 8311K, capacity 8457K, committed 8576K, reserved 1064960K
  class space    used 738K, capacity 819K, committed 896K, reserved 1048576K
Heap Regions: E=young(eden), S=young(survivor), O=old, HS=humongous(starts), HC=humongous(continues), CS=collection set, F=free, A=archive, TAMS=top-at-mark-start (previous, next)
|   0|0x00000000e1c00000, 0x00000000e1d00000, 0x00000000e1d00000|100%| O|  |TAMS 0x00000000e1c00000, 0x00000000e1d00000| Untracked 
|   1|0x00000000e1d00000, 0x00000000e1d7f800, 0x00000000e1e00000| 49%| O|  |TAMS 0x00000000e1d00000, 0x00000000e1d7f800| Untracked 
|   2|0x00000000e1e00000, 0x00000000e1e00000, 0x00000000e1f00000|  0%| F|  |TAMS 0x00000000e1e00000, 0x00000000e1e00000| Untracked 
|   3|0x00000000e1f00000, 0x00000000e1f00000, 0x00000000e2000000|  0%| F|  |TAMS 0x00000000e1f00000, 0x00000000e1f00000| Untracked 
|   4|0x00000000e2000000, 0x00000000e2000000, 0x00000000e2100000|  0%| F|  |TAMS 0x00000000e2000000, 0x00000000e2000000| Untracked 
|   5|0x00000000e2100000, 0x00000000e2100000, 0x00000000e2200000|  0%| F|  |TAMS 0x00000000e2100000, 0x00000000e2100000| Untracked 
|   6|0x00000000e2200000, 0x00000000e2200000, 0x00000000e2300000|  0%| F|  |TAMS 0x00000000e2200000, 0x00000000e2200000| Untracked 
|   7|0x00000000e2300000, 0x00000000e2300000, 0x00000000e2400000|  0%| F|  |TAMS 0x00000000e2300000, 0x00000000e2300000| Untracked 
|   8|0x00000000e2400000, 0x00000000e2400000, 0x00000000e2500000|  0%| F|  |TAMS 0x00000000e2400000, 0x00000000e2400000| Untracked 
|   9|0x00000000e2500000, 0x00000000e2500000, 0x00000000e2600000|  0%| F|  |TAMS 0x00000000e2500000, 0x00000000e2500000| Untracked 
|  10|0x00000000e2600000, 0x00000000e2600000, 0x00000000e2700000|  0%| F|  |TAMS 0x00000000e2600000, 0x00000000e2600000| Untracked 
|  11|0x00000000e2700000, 0x00000000e2700000, 0x00000000e2800000|  0%| F|  |TAMS 0x00000000e2700000, 0x00000000e2700000| Untracked 
|  12|0x00000000e2800000, 0x00000000e2800000, 0x00000000e2900000|  0%| F|  |TAMS 0x00000000e2800000, 0x00000000e2800000| Untracked 
|  13|0x00000000e2900000, 0x00000000e2900000, 0x00000000e2a00000|  0%| F|  |TAMS 0x00000000e2900000, 0x00000000e2900000| Untracked 
|  14|0x00000000e2a00000, 0x00000000e2a00000, 0x00000000e2b00000|  0%| F|  |TAMS 0x00000000e2a00000, 0x00000000e2a00000| Untracked 
|  15|0x00000000e2b00000, 0x00000000e2b00000, 0x00000000e2c00000|  0%| F|  |TAMS 0x00000000e2b00000, 0x00000000e2b00000| Untracked 
|  16|0x00000000e2c00000, 0x00000000e2c00000, 0x00000000e2d00000|  0%| F|  |TAMS 0x00000000e2c00000, 0x00000000e2c00000| Untracked 
|  17|0x00000000e2d00000, 0x00000000e2d00000, 0x00000000e2e00000|  0%| F|  |TAMS 0x00000000e2d00000, 0x00000000e2d00000| Untracked 
|  18|0x00000000e2e00000, 0x00000000e2e00000, 0x00000000e2f00000|  0%| F|  |TAMS 0x00000000e2e00000, 0x00000000e2e00000| Untracked 
|  19|0x00000000e2f00000, 0x00000000e2f00000, 0x00000000e3000000|  0%| F|  |TAMS 0x00000000e2f00000, 0x00000000e2f00000| Untracked 
|  20|0x00000000e3000000, 0x00000000e3000000, 0x00000000e3100000|  0%| F|  |TAMS 0x00000000e3000000, 0x00000000e3000000| Untracked 
|  21|0x00000000e3100000, 0x00000000e3100000, 0x00000000e3200000|  0%| F|  |TAMS 0x00000000e3100000, 0x00000000e3100000| Untracked 
|  22|0x00000000e3200000, 0x00000000e3200000, 0x00000000e3300000|  0%| F|  |TAMS 0x00000000e3200000, 0x00000000e3200000| Untracked 
|  23|0x00000000e3300000, 0x00000000e3300000, 0x00000000e3400000|  0%| F|  |TAMS 0x00000000e3300000, 0x00000000e3300000| Untracked 
|  24|0x00000000e3400000, 0x00000000e3400000, 0x00000000e3500000|  0%| F|  |TAMS 0x00000000e3400000, 0x00000000e3400000| Untracked 
|  25|0x00000000e3500000, 0x00000000e3600000, 0x00000000e3600000|100%| S|CS|TAMS 0x00000000e3500000, 0x00000000e3500000| Complete 
|  26|0x00000000e3600000, 0x00000000e3600000, 0x00000000e3700000|  0%| F|  |TAMS 0x00000000e3600000, 0x00000000e3600000| Untracked 
|  27|0x00000000e3700000, 0x00000000e3700000, 0x00000000e3800000|  0%| F|  |TAMS 0x00000000e3700000, 0x00000000e3700000| Untracked 
|  28|0x00000000e3800000, 0x00000000e3800000, 0x00000000e3900000|  0%| F|  |TAMS 0x00000000e3800000, 0x00000000e3800000| Untracked 
|  29|0x00000000e3900000, 0x00000000e3900000, 0x00000000e3a00000|  0%| F|  |TAMS 0x00000000e3900000, 0x00000000e3900000| Untracked 
|  30|0x00000000e3a00000, 0x00000000e3a00000, 0x00000000e3b00000|  0%| F|  |TAMS 0x00000000e3a00000, 0x00000000e3a00000| Untracked 
|  31|0x00000000e3b00000, 0x00000000e3b00000, 0x00000000e3c00000|  0%| F|  |TAMS 0x00000000e3b00000, 0x00000000e3b00000| Untracked 

Card table byte_map: [0x0000026fb1370000,0x0000026fb1470000] _byte_map_base: 0x0000026fb0c62000

Marking Bits (Prev, Next): (CMBitMap*) 0x0000026fb1691908, (CMBitMap*) 0x0000026fb1691940
 Prev Bits: [0x0000026fc8ce0000, 0x0000026fc9470000)
 Next Bits: [0x0000026fc9470000, 0x0000026fc9c00000)

Polling page: 0x0000026faf690000

Metaspace:

Usage:
  Non-class:      7.46 MB capacity,     7.40 MB (>99%) used,    57.87 KB ( <1%) free+waste,     6.75 KB ( <1%) overhead. 
      Class:    819.00 KB capacity,   738.27 KB ( 90%) used,    77.54 KB (  9%) free+waste,     3.19 KB ( <1%) overhead. 
       Both:      8.26 MB capacity,     8.12 MB ( 98%) used,   135.41 KB (  2%) free+waste,     9.94 KB ( <1%) overhead. 

Virtual space:
  Non-class space:       16.00 MB reserved,       7.50 MB ( 47%) committed 
      Class space:        1.00 GB reserved,     896.00 KB ( <1%) committed 
             Both:        1.02 GB reserved,       8.38 MB ( <1%) committed 

Chunk freelists:
   Non-Class:  42.00 KB
       Class:  13.00 KB
        Both:  55.00 KB

MaxMetaspaceSize: 17179869184.00 GB
CompressedClassSpaceSize: 1.00 GB

CodeHeap 'non-profiled nmethods': size=120064Kb used=135Kb max_used=135Kb free=119928Kb
 bounds [0x0000026fc17a0000, 0x0000026fc1a10000, 0x0000026fc8ce0000]
CodeHeap 'profiled nmethods': size=120000Kb used=673Kb max_used=673Kb free=119326Kb
 bounds [0x0000026fba270000, 0x0000026fba4e0000, 0x0000026fc17a0000]
CodeHeap 'non-nmethods': size=5696Kb used=1051Kb max_used=1061Kb free=4644Kb
 bounds [0x0000026fb9ce0000, 0x0000026fb9f50000, 0x0000026fba270000]
 total_blobs=831 nmethods=477 adapters=267
 compilation: enabled
              stopped_count=0, restarted_count=0
 full_count=0

Compilation events (20 events):
Event: 6.136 Thread 0x0000026fcc7bb800  453       3       java.nio.ByteBuffer::position (8 bytes)
Event: 6.136 Thread 0x0000026fcc7bb800 nmethod 453 0x0000026fba30c010 code [0x0000026fba30c1c0, 0x0000026fba30c308]
Event: 6.136 Thread 0x0000026fcc7b6800 nmethod 452 0x0000026fc17c0b90 code [0x0000026fc17c0d20, 0x0000026fc17c0d58]
Event: 6.137 Thread 0x0000026fcc7bb800  454       3       jdk.internal.misc.Unsafe::getInt (7 bytes)
Event: 6.137 Thread 0x0000026fcc7bb800 nmethod 454 0x0000026fba30c390 code [0x0000026fba30c540, 0x0000026fba30c658]
Event: 6.141 Thread 0x0000026fcc7bb800  455  s!   3       jdk.internal.loader.URLClassPath::getLoader (194 bytes)
Event: 6.145 Thread 0x0000026fcc7bb800 nmethod 455 0x0000026fba30c710 code [0x0000026fba30ca80, 0x0000026fba30e478]
Event: 6.160 Thread 0x0000026fcc7b6800  456       4       java.util.zip.ZipUtils::CENFLG (9 bytes)
Event: 6.162 Thread 0x0000026fcc7b6800 nmethod 456 0x0000026fc17c0e10 code [0x0000026fc17c0fa0, 0x0000026fc17c1058]
Event: 6.162 Thread 0x0000026fcc7b6800  457       4       java.util.zip.ZipUtils::CENSIG (8 bytes)
Event: 6.164 Thread 0x0000026fcc7b6800 nmethod 457 0x0000026fc17c1190 code [0x0000026fc17c1320, 0x0000026fc17c13f8]
Event: 6.165 Thread 0x0000026fcc7bb800  458       3       java.util.zip.ZipFile$Source::isMetaName (141 bytes)
Event: 6.165 Thread 0x0000026fcc7bb800 nmethod 458 0x0000026fba30ef10 code [0x0000026fba30f0e0, 0x0000026fba30f5f8]
Event: 6.180 Thread 0x0000026fcc7b6800  459 %     4       java.lang.StringCoding::hasNegatives @ 2 (25 bytes)
Event: 6.182 Thread 0x0000026fcc7bb800  460       3       java.nio.Buffer::limit (65 bytes)
Event: 6.183 Thread 0x0000026fcc7bb800 nmethod 460 0x0000026fba30f790 code [0x0000026fba30f960, 0x0000026fba30fc08]
Event: 6.183 Thread 0x0000026fcc7bb800  462       3       java.nio.ByteBuffer::limit (8 bytes)
Event: 6.184 Thread 0x0000026fcc7bb800 nmethod 462 0x0000026fba30fd10 code [0x0000026fba30fec0, 0x0000026fba310008]
Event: 6.184 Thread 0x0000026fcc7bb800  461       1       java.nio.DirectByteBuffer::address (5 bytes)
Event: 6.184 Thread 0x0000026fcc7bb800 nmethod 461 0x0000026fc17c1510 code [0x0000026fc17c16c0, 0x0000026fc17c1778]

GC Heap History (0 events):
No events

Deoptimization events (14 events):
Event: 1.160 Thread 0x0000026fb166e000 Uncommon trap: trap_request=0xffffff4d fr.pc=0x0000026fc17ab69c relative=0x0000000000000b1c
Event: 1.160 Thread 0x0000026fb166e000 Uncommon trap: reason=unstable_if action=reinterpret pc=0x0000026fc17ab69c method=java.util.HashMap.putVal(ILjava/lang/Object;Ljava/lang/Object;ZZ)Ljava/lang/Object; @ 69 c2
Event: 1.160 Thread 0x0000026fb166e000 DEOPT PACKING pc=0x0000026fc17ab69c sp=0x0000009d8b8fefd0
Event: 1.160 Thread 0x0000026fb166e000 DEOPT UNPACKING pc=0x0000026fb9d069aa sp=0x0000009d8b8fef70 mode 2
Event: 3.327 Thread 0x0000026fcc7b5800 Uncommon trap: trap_request=0xffffff4d fr.pc=0x0000026fc17ad5b0 relative=0x0000000000000070
Event: 3.327 Thread 0x0000026fcc7b5800 Uncommon trap: reason=unstable_if action=reinterpret pc=0x0000026fc17ad5b0 method=java.lang.String.isLatin1()Z @ 10 c2
Event: 3.327 Thread 0x0000026fcc7b5800 DEOPT PACKING pc=0x0000026fc17ad5b0 sp=0x0000009d8c2fe4e0
Event: 3.327 Thread 0x0000026fcc7b5800 DEOPT UNPACKING pc=0x0000026fb9d069aa sp=0x0000009d8c2fe420 mode 2
Event: 5.724 Thread 0x0000026fb166e000 DEOPT PACKING pc=0x0000026fba2d9d48 sp=0x0000009d8b8fa5a0
Event: 5.724 Thread 0x0000026fb166e000 DEOPT UNPACKING pc=0x0000026fb9d067c0 sp=0x0000009d8b8f99f8 mode 0
Event: 6.164 Thread 0x0000026fb166e000 Uncommon trap: trap_request=0xffffff4d fr.pc=0x0000026fc17baeb0 relative=0x0000000000000170
Event: 6.164 Thread 0x0000026fb166e000 Uncommon trap: reason=unstable_if action=reinterpret pc=0x0000026fc17baeb0 method=java.util.zip.ZipFile$Source.isMetaName([BII)Z @ 43 c2
Event: 6.164 Thread 0x0000026fb166e000 DEOPT PACKING pc=0x0000026fc17baeb0 sp=0x0000009d8b8f7880
Event: 6.164 Thread 0x0000026fb166e000 DEOPT UNPACKING pc=0x0000026fb9d069aa sp=0x0000009d8b8f7828 mode 2

Classes redefined (0 events):
No events

Internal exceptions (3 events):
Event: 2.006 Thread 0x0000026fb166e000 Exception <a 'java/security/PrivilegedActionException'{0x00000000e3aa0be0}> (0x00000000e3aa0be0) thrown at [./src/hotspot/share/prims/jvm.cpp, line 1297]
Event: 2.007 Thread 0x0000026fb166e000 Exception <a 'java/security/PrivilegedActionException'{0x00000000e3aa0eb0}> (0x00000000e3aa0eb0) thrown at [./src/hotspot/share/prims/jvm.cpp, line 1297]
Event: 5.701 Thread 0x0000026fb166e000 Exception <a 'java/lang/NoSuchMethodError'{0x00000000e3797878}: 'int java.lang.invoke.DirectMethodHandle$Holder.invokeSpecialIFC(java.lang.Object, java.lang.Object, int)'> (0x00000000e3797878) thrown at [./src/hotspot/share/interpreter/linkResolver.cpp, line 773]

Events (20 events):
Event: 5.854 loading class org/fusesource/jansi/internal/CLibrary done
Event: 5.867 loading class org/fusesource/hawtjni/runtime/Library
Event: 5.867 loading class org/fusesource/hawtjni/runtime/Library done
Event: 5.874 Loaded shared library C:\Program Files\AdoptOpenJDK\jdk-11.0.8.10-hotspot\bin\java.dll
Event: 5.917 loading class java/lang/UnsatisfiedLinkError
Event: 5.920 loading class java/lang/UnsatisfiedLinkError done
Event: 5.922 loading class java/lang/ClassLoaderHelper
Event: 5.925 loading class java/lang/ClassLoaderHelper done
Event: 6.125 loading class jdk/internal/module/Resources
Event: 6.125 loading class jdk/internal/module/Resources done
Event: 6.126 loading class jdk/internal/loader/BuiltinClassLoader$2
Event: 6.126 loading class jdk/internal/loader/BuiltinClassLoader$2 done
Event: 6.126 Executing VM operation: RevokeBias
Event: 6.126 Executing VM operation: RevokeBias done
Event: 6.126 Executing VM operation: RevokeBias
Event: 6.126 Executing VM operation: RevokeBias done
Event: 6.126 Executing VM operation: RevokeBias
Event: 6.126 Executing VM operation: RevokeBias done
Event: 6.138 loading class java/net/URLClassLoader$2
Event: 6.140 loading class java/net/URLClassLoader$2 done


Dynamic libraries:
0x00007ff6b02d0000 - 0x00007ff6b02dd000 	C:\Program Files\AdoptOpenJDK\jdk-11.0.8.10-hotspot\bin\java.exe
0x00007ffa4ea50000 - 0x00007ffa4ec45000 	C:\WINDOWS\SYSTEM32\ntdll.dll
0x00007ffa4e840000 - 0x00007ffa4e8fd000 	C:\WINDOWS\System32\KERNEL32.DLL
0x00007ffa4c7e0000 - 0x00007ffa4caa9000 	C:\WINDOWS\System32\KERNELBASE.dll
0x00007ffa4c500000 - 0x00007ffa4c600000 	C:\WINDOWS\System32\ucrtbase.dll
0x00007ffa3bfc0000 - 0x00007ffa3bfd5000 	C:\Program Files\AdoptOpenJDK\jdk-11.0.8.10-hotspot\bin\VCRUNTIME140.dll
0x00007ffa3be10000 - 0x00007ffa3be27000 	C:\Program Files\AdoptOpenJDK\jdk-11.0.8.10-hotspot\bin\jli.dll
0x00007ffa4ccb0000 - 0x00007ffa4ce50000 	C:\WINDOWS\System32\USER32.dll
0x00007ffa4c190000 - 0x00007ffa4c1b2000 	C:\WINDOWS\System32\win32u.dll
0x00007ffa4e730000 - 0x00007ffa4e75a000 	C:\WINDOWS\System32\GDI32.dll
0x00007ffa4c6d0000 - 0x00007ffa4c7db000 	C:\WINDOWS\System32\gdi32full.dll
0x00007ffa4c630000 - 0x00007ffa4c6cd000 	C:\WINDOWS\System32\msvcp_win.dll
0x00007ffa3dbc0000 - 0x00007ffa3de5a000 	C:\WINDOWS\WinSxS\amd64_microsoft.windows.common-controls_6595b64144ccf1df_6.0.19041.844_none_ca00b6081b84eb1d\COMCTL32.dll
0x00007ffa4cff0000 - 0x00007ffa4d08e000 	C:\WINDOWS\System32\msvcrt.dll
0x00007ffa4cc80000 - 0x00007ffa4ccb0000 	C:\WINDOWS\System32\IMM32.DLL
0x00007ffa35760000 - 0x00007ffa357fb000 	C:\Program Files\AdoptOpenJDK\jdk-11.0.8.10-hotspot\bin\msvcp140.dll
0x00007ff9fc650000 - 0x00007ff9fd10d000 	C:\Program Files\AdoptOpenJDK\jdk-11.0.8.10-hotspot\bin\server\jvm.dll
0x00007ffa4e0f0000 - 0x00007ffa4e19c000 	C:\WINDOWS\System32\ADVAPI32.dll
0x00007ffa4e440000 - 0x00007ffa4e4dc000 	C:\WINDOWS\System32\sechost.dll
0x00007ffa4e310000 - 0x00007ffa4e43b000 	C:\WINDOWS\System32\RPCRT4.dll
0x00007ffa4ce50000 - 0x00007ffa4ce58000 	C:\WINDOWS\System32\PSAPI.DLL
0x00007ffa45920000 - 0x00007ffa45929000 	C:\WINDOWS\SYSTEM32\WSOCK32.dll
0x00007ffa4e4e0000 - 0x00007ffa4e54b000 	C:\WINDOWS\System32\WS2_32.dll
0x00007ffa3bd30000 - 0x00007ffa3bd57000 	C:\WINDOWS\SYSTEM32\WINMM.dll
0x00007ffa469c0000 - 0x00007ffa469ca000 	C:\WINDOWS\SYSTEM32\VERSION.dll
0x00007ffa4a0f0000 - 0x00007ffa4a102000 	C:\WINDOWS\SYSTEM32\kernel.appcore.dll
0x00007ffa41a50000 - 0x00007ffa41a60000 	C:\Program Files\AdoptOpenJDK\jdk-11.0.8.10-hotspot\bin\verify.dll
0x00007ffa39230000 - 0x00007ffa39414000 	C:\WINDOWS\SYSTEM32\DBGHELP.DLL
0x00007ffa39140000 - 0x00007ffa3916c000 	C:\WINDOWS\SYSTEM32\dbgcore.DLL
0x00007ffa4c270000 - 0x00007ffa4c2f0000 	C:\WINDOWS\System32\bcryptPrimitives.dll
0x00007ffa3bde0000 - 0x00007ffa3be08000 	C:\Program Files\AdoptOpenJDK\jdk-11.0.8.10-hotspot\bin\java.dll
0x00007ffa41a10000 - 0x00007ffa41a1a000 	C:\Program Files\AdoptOpenJDK\jdk-11.0.8.10-hotspot\bin\jimage.dll
0x00007ffa45b50000 - 0x00007ffa45b5e000 	C:\Program Files\AdoptOpenJDK\jdk-11.0.8.10-hotspot\bin\instrument.dll
0x00007ffa3b850000 - 0x00007ffa3b867000 	C:\Program Files\AdoptOpenJDK\jdk-11.0.8.10-hotspot\bin\zip.dll
0x00007ffa4d090000 - 0x00007ffa4d7d2000 	C:\WINDOWS\System32\SHELL32.dll
0x00007ffa4a2f0000 - 0x00007ffa4aa80000 	C:\WINDOWS\SYSTEM32\windows.storage.dll
0x00007ffa4dc50000 - 0x00007ffa4dfa5000 	C:\WINDOWS\System32\combase.dll
0x00007ffa4bb30000 - 0x00007ffa4bb5c000 	C:\WINDOWS\SYSTEM32\Wldp.dll
0x00007ffa4e200000 - 0x00007ffa4e2ae000 	C:\WINDOWS\System32\SHCORE.dll
0x00007ffa4e2b0000 - 0x00007ffa4e305000 	C:\WINDOWS\System32\shlwapi.dll
0x00007ffa4c0d0000 - 0x00007ffa4c0ef000 	C:\WINDOWS\SYSTEM32\profapi.dll
0x00007ffa3b830000 - 0x00007ffa3b849000 	C:\Program Files\AdoptOpenJDK\jdk-11.0.8.10-hotspot\bin\net.dll
0x00007ffa3df70000 - 0x00007ffa3e07c000 	C:\WINDOWS\SYSTEM32\WINHTTP.dll
0x00007ffa4b8b0000 - 0x00007ffa4b91a000 	C:\WINDOWS\system32\mswsock.dll
0x00007ffa39950000 - 0x00007ffa39962000 	C:\Program Files\AdoptOpenJDK\jdk-11.0.8.10-hotspot\bin\nio.dll
0x00007ffa45800000 - 0x00007ffa4581a000 	C:\Users\Liza\AppData\Local\JetBrains\Toolbox\apps\IDEA-C\ch-0\203.7717.56\bin\breakgen64.dll

dbghelp: loaded successfully - version: 4.0.5 - missing functions: none
symbol engine: initialized successfully - sym options: 0x614 - pdb path: (cannot be retrieved)

VM Arguments:
jvm_args: -Dmaven.multiModuleProjectDirectory=C:\Users\Liza\Desktop\Lisa_QA\Java\7_2 -Dmaven.home=C:\Users\Liza\AppData\Local\JetBrains\Toolbox\apps\IDEA-C\ch-0\202.7319.50\plugins\maven\lib\maven3 -Dclassworlds.conf=C:\Users\Liza\AppData\Local\JetBrains\Toolbox\apps\IDEA-C\ch-0\202.7319.50\plugins\maven\lib\maven3\bin\m2.conf -Dmaven.ext.class.path=C:\Users\Liza\AppData\Local\JetBrains\Toolbox\apps\IDEA-C\ch-0\203.7717.56\plugins\maven\lib\maven-event-listener.jar -javaagent:C:\Users\Liza\AppData\Local\JetBrains\Toolbox\apps\IDEA-C\ch-0\203.7717.56\lib\idea_rt.jar=61112:C:\Users\Liza\AppData\Local\JetBrains\Toolbox\apps\IDEA-C\ch-0\203.7717.56\bin -Dfile.encoding=UTF-8 
java_command: org.codehaus.classworlds.Launcher -Didea.version=2020.3.3 clean test
java_class_path (initial): C:\Users\Liza\AppData\Local\JetBrains\Toolbox\apps\IDEA-C\ch-0\202.7319.50\plugins\maven\lib\maven3\boot\plexus-classworlds-2.6.0.jar;C:\Users\Liza\AppData\Local\JetBrains\Toolbox\apps\IDEA-C\ch-0\202.7319.50\plugins\maven\lib\maven3\boot\plexus-classworlds.license
Launcher Type: SUN_STANDARD

[Global flags]
     intx CICompilerCount                          = 2                                         {product} {ergonomic}
     uint ConcGCThreads                            = 1                                         {product} {ergonomic}
     uint G1ConcRefinementThreads                  = 2                                         {product} {ergonomic}
   size_t G1HeapRegionSize                         = 1048576                                   {product} {ergonomic}
    uintx GCDrainStackTargetSize                   = 64                                        {product} {ergonomic}
   size_t InitialHeapSize                          = 33554432                                  {product} {ergonomic}
   size_t MarkStackSize                            = 4194304                                   {product} {ergonomic}
   size_t MaxHeapSize                              = 507510784                                 {product} {ergonomic}
   size_t MaxNewSize                               = 304087040                                 {product} {ergonomic}
   size_t MinHeapDeltaBytes                        = 1048576                                   {product} {ergonomic}
    uintx NonNMethodCodeHeapSize                   = 5825164                                {pd product} {ergonomic}
    uintx NonProfiledCodeHeapSize                  = 122916538                              {pd product} {ergonomic}
    uintx ProfiledCodeHeapSize                     = 122916538                              {pd product} {ergonomic}
    uintx ReservedCodeCacheSize                    = 251658240                              {pd product} {ergonomic}
     bool SegmentedCodeCache                       = true                                      {product} {ergonomic}
     bool UseCompressedClassPointers               = true                                 {lp64_product} {ergonomic}
     bool UseCompressedOops                        = true                                 {lp64_product} {ergonomic}
     bool UseG1GC                                  = true                                      {product} {ergonomic}
     bool UseLargePagesIndividualAllocation        = false                                  {pd product} {ergonomic}

Logging:
Log output configuration:
 #0: stdout all=warning uptime,level,tags
 #1: stderr all=off uptime,level,tags

Environment Variables:
JAVA_HOME=C:\Program Files\Java\jdk-11.0.8
PATH=C:\Program Files\AdoptOpenJDK\jdk-11.0.8.10-hotspot\bin;C:\Program Files\Common Files\Oracle\Java\javapath;C:\WINDOWS\system32;C:\WINDOWS;C:\WINDOWS\System32\Wbem;C:\WINDOWS\System32\WindowsPowerShell\v1.0\;C:\WINDOWS\System32\OpenSSH\;C:\Program Files\Git\cmd;C:\Program Files\Java\jdk-11.0.8\bin;C:\Users\Liza\AppData\Local\Microsoft\WindowsApps;C:\Users\Liza\AppData\Local\Programs\Microsoft VS Code\bin
USERNAME=Liza
OS=Windows_NT
PROCESSOR_IDENTIFIER=Intel64 Family 6 Model 55 Stepping 8, GenuineIntel



---------------  S Y S T E M  ---------------

OS: Windows 10 , 64 bit Build 19041 (10.0.19041.804)
OS uptime: 9 days 0:20 hours

CPU:total 2 (initial active 2) (2 cores per cpu, 1 threads per core) family 6 model 55 stepping 8, cmov, cx8, fxsr, mmx, sse, sse2, sse3, ssse3, sse4.1, sse4.2, popcnt, clmul, erms, 3dnowpref, tsc, tscinvbit

Memory: 4k page, system-wide physical 1934M (300M free)
TotalPageFile size 7822M (AvailPageFile size 0M)
current process WorkingSet (physical memory assigned to process): 38M, peak: 38M
current process commit charge ("private bytes"): 98M, peak: 99M

vm_info: OpenJDK 64-Bit Server VM (11.0.8+10) for windows-amd64 JRE (11.0.8+10), built on Jul 15 2020 11:45:54 by "" with MS VC++ 15.9 (VS2017)

END.
